Apr 02 2025 06:01:31
{"type":8192,"message":"Return type of Ai1wm_Recursive_Newline_Filter::accept() should either be compatible with FilterIterator::accept(): bool, or the #[\\ReturnTypeWillChange] attribute should be used to temporarily suppress the notice","file":"C:\\wamp64\\www\\houzez\\wp-content\\plugins\\All-In-One-WP-Migration-Pro-master\\lib\\vendor\\servmask\\filter\\class-ai1wm-recursive-newline-filter.php","line":28}

Apr 02 2025 06:01:31
{"type":8192,"message":"Return type of Ai1wm_Recursive_Newline_Filter::accept() should either be compatible with FilterIterator::accept(): bool, or the #[\\ReturnTypeWillChange] attribute should be used to temporarily suppress the notice","file":"C:\\wamp64\\www\\houzez\\wp-content\\plugins\\All-In-One-WP-Migration-Pro-master\\lib\\vendor\\servmask\\filter\\class-ai1wm-recursive-newline-filter.php","line":28}

Apr 02 2025 06:01:32
{"type":8192,"message":"Return type of Ai1wm_Recursive_Newline_Filter::accept() should either be compatible with FilterIterator::accept(): bool, or the #[\\ReturnTypeWillChange] attribute should be used to temporarily suppress the notice","file":"C:\\wamp64\\www\\houzez\\wp-content\\plugins\\All-In-One-WP-Migration-Pro-master\\lib\\vendor\\servmask\\filter\\class-ai1wm-recursive-newline-filter.php","line":28}

Apr 02 2025 06:01:32
{"type":8192,"message":"Return type of Ai1wm_Recursive_Newline_Filter::accept() should either be compatible with FilterIterator::accept(): bool, or the #[\\ReturnTypeWillChange] attribute should be used to temporarily suppress the notice","file":"C:\\wamp64\\www\\houzez\\wp-content\\plugins\\All-In-One-WP-Migration-Pro-master\\lib\\vendor\\servmask\\filter\\class-ai1wm-recursive-newline-filter.php","line":28}

Apr 02 2025 06:01:34
{"type":8192,"message":"Return type of Ai1wm_Recursive_Newline_Filter::accept() should either be compatible with FilterIterator::accept(): bool, or the #[\\ReturnTypeWillChange] attribute should be used to temporarily suppress the notice","file":"C:\\wamp64\\www\\houzez\\wp-content\\plugins\\All-In-One-WP-Migration-Pro-master\\lib\\vendor\\servmask\\filter\\class-ai1wm-recursive-newline-filter.php","line":28}

Apr 02 2025 06:01:44
{"type":8192,"message":"Return type of Ai1wm_Recursive_Newline_Filter::accept() should either be compatible with FilterIterator::accept(): bool, or the #[\\ReturnTypeWillChange] attribute should be used to temporarily suppress the notice","file":"C:\\wamp64\\www\\houzez\\wp-content\\plugins\\All-In-One-WP-Migration-Pro-master\\lib\\vendor\\servmask\\filter\\class-ai1wm-recursive-newline-filter.php","line":28}

Apr 02 2025 06:01:55
{"type":8192,"message":"Return type of Ai1wm_Recursive_Newline_Filter::accept() should either be compatible with FilterIterator::accept(): bool, or the #[\\ReturnTypeWillChange] attribute should be used to temporarily suppress the notice","file":"C:\\wamp64\\www\\houzez\\wp-content\\plugins\\All-In-One-WP-Migration-Pro-master\\lib\\vendor\\servmask\\filter\\class-ai1wm-recursive-newline-filter.php","line":28}

Apr 02 2025 06:02:05
{"type":8192,"message":"Return type of Ai1wm_Recursive_Newline_Filter::accept() should either be compatible with FilterIterator::accept(): bool, or the #[\\ReturnTypeWillChange] attribute should be used to temporarily suppress the notice","file":"C:\\wamp64\\www\\houzez\\wp-content\\plugins\\All-In-One-WP-Migration-Pro-master\\lib\\vendor\\servmask\\filter\\class-ai1wm-recursive-newline-filter.php","line":28}

Apr 02 2025 06:02:16
{"type":8192,"message":"Return type of Ai1wm_Recursive_Newline_Filter::accept() should either be compatible with FilterIterator::accept(): bool, or the #[\\ReturnTypeWillChange] attribute should be used to temporarily suppress the notice","file":"C:\\wamp64\\www\\houzez\\wp-content\\plugins\\All-In-One-WP-Migration-Pro-master\\lib\\vendor\\servmask\\filter\\class-ai1wm-recursive-newline-filter.php","line":28}

Apr 02 2025 06:02:26
{"type":8192,"message":"Return type of Ai1wm_Recursive_Newline_Filter::accept() should either be compatible with FilterIterator::accept(): bool, or the #[\\ReturnTypeWillChange] attribute should be used to temporarily suppress the notice","file":"C:\\wamp64\\www\\houzez\\wp-content\\plugins\\All-In-One-WP-Migration-Pro-master\\lib\\vendor\\servmask\\filter\\class-ai1wm-recursive-newline-filter.php","line":28}

Apr 02 2025 06:02:36
{"type":8192,"message":"Return type of Ai1wm_Recursive_Newline_Filter::accept() should either be compatible with FilterIterator::accept(): bool, or the #[\\ReturnTypeWillChange] attribute should be used to temporarily suppress the notice","file":"C:\\wamp64\\www\\houzez\\wp-content\\plugins\\All-In-One-WP-Migration-Pro-master\\lib\\vendor\\servmask\\filter\\class-ai1wm-recursive-newline-filter.php","line":28}

Apr 02 2025 06:02:47
{"type":8192,"message":"Return type of Ai1wm_Recursive_Newline_Filter::accept() should either be compatible with FilterIterator::accept(): bool, or the #[\\ReturnTypeWillChange] attribute should be used to temporarily suppress the notice","file":"C:\\wamp64\\www\\houzez\\wp-content\\plugins\\All-In-One-WP-Migration-Pro-master\\lib\\vendor\\servmask\\filter\\class-ai1wm-recursive-newline-filter.php","line":28}

Apr 02 2025 06:02:57
{"type":8192,"message":"Return type of Ai1wm_Recursive_Newline_Filter::accept() should either be compatible with FilterIterator::accept(): bool, or the #[\\ReturnTypeWillChange] attribute should be used to temporarily suppress the notice","file":"C:\\wamp64\\www\\houzez\\wp-content\\plugins\\All-In-One-WP-Migration-Pro-master\\lib\\vendor\\servmask\\filter\\class-ai1wm-recursive-newline-filter.php","line":28}

Apr 02 2025 06:03:08
{"type":8192,"message":"Return type of Ai1wm_Recursive_Newline_Filter::accept() should either be compatible with FilterIterator::accept(): bool, or the #[\\ReturnTypeWillChange] attribute should be used to temporarily suppress the notice","file":"C:\\wamp64\\www\\houzez\\wp-content\\plugins\\All-In-One-WP-Migration-Pro-master\\lib\\vendor\\servmask\\filter\\class-ai1wm-recursive-newline-filter.php","line":28}

Apr 02 2025 06:03:18
{"type":8192,"message":"Return type of Ai1wm_Recursive_Newline_Filter::accept() should either be compatible with FilterIterator::accept(): bool, or the #[\\ReturnTypeWillChange] attribute should be used to temporarily suppress the notice","file":"C:\\wamp64\\www\\houzez\\wp-content\\plugins\\All-In-One-WP-Migration-Pro-master\\lib\\vendor\\servmask\\filter\\class-ai1wm-recursive-newline-filter.php","line":28}

Apr 02 2025 06:03:28
{"type":8192,"message":"Return type of Ai1wm_Recursive_Newline_Filter::accept() should either be compatible with FilterIterator::accept(): bool, or the #[\\ReturnTypeWillChange] attribute should be used to temporarily suppress the notice","file":"C:\\wamp64\\www\\houzez\\wp-content\\plugins\\All-In-One-WP-Migration-Pro-master\\lib\\vendor\\servmask\\filter\\class-ai1wm-recursive-newline-filter.php","line":28}

Apr 02 2025 06:03:39
{"type":8192,"message":"Return type of Ai1wm_Recursive_Newline_Filter::accept() should either be compatible with FilterIterator::accept(): bool, or the #[\\ReturnTypeWillChange] attribute should be used to temporarily suppress the notice","file":"C:\\wamp64\\www\\houzez\\wp-content\\plugins\\All-In-One-WP-Migration-Pro-master\\lib\\vendor\\servmask\\filter\\class-ai1wm-recursive-newline-filter.php","line":28}

Apr 02 2025 06:03:41
{"type":8192,"message":"Return type of Ai1wm_Recursive_Newline_Filter::accept() should either be compatible with FilterIterator::accept(): bool, or the #[\\ReturnTypeWillChange] attribute should be used to temporarily suppress the notice","file":"C:\\wamp64\\www\\houzez\\wp-content\\plugins\\All-In-One-WP-Migration-Pro-master\\lib\\vendor\\servmask\\filter\\class-ai1wm-recursive-newline-filter.php","line":28}

Apr 02 2025 06:03:42
{"type":8192,"message":"Return type of Ai1wm_Recursive_Newline_Filter::accept() should either be compatible with FilterIterator::accept(): bool, or the #[\\ReturnTypeWillChange] attribute should be used to temporarily suppress the notice","file":"C:\\wamp64\\www\\houzez\\wp-content\\plugins\\All-In-One-WP-Migration-Pro-master\\lib\\vendor\\servmask\\filter\\class-ai1wm-recursive-newline-filter.php","line":28}

Apr 02 2025 06:03:43
{"type":8192,"message":"Return type of Ai1wm_Recursive_Newline_Filter::accept() should either be compatible with FilterIterator::accept(): bool, or the #[\\ReturnTypeWillChange] attribute should be used to temporarily suppress the notice","file":"C:\\wamp64\\www\\houzez\\wp-content\\plugins\\All-In-One-WP-Migration-Pro-master\\lib\\vendor\\servmask\\filter\\class-ai1wm-recursive-newline-filter.php","line":28}

Apr 02 2025 06:03:43
{"type":8192,"message":"Return type of Ai1wm_Recursive_Newline_Filter::accept() should either be compatible with FilterIterator::accept(): bool, or the #[\\ReturnTypeWillChange] attribute should be used to temporarily suppress the notice","file":"C:\\wamp64\\www\\houzez\\wp-content\\plugins\\All-In-One-WP-Migration-Pro-master\\lib\\vendor\\servmask\\filter\\class-ai1wm-recursive-newline-filter.php","line":28}

Apr 02 2025 06:03:43
{"type":8192,"message":"Return type of Ai1wm_Recursive_Newline_Filter::accept() should either be compatible with FilterIterator::accept(): bool, or the #[\\ReturnTypeWillChange] attribute should be used to temporarily suppress the notice","file":"C:\\wamp64\\www\\houzez\\wp-content\\plugins\\All-In-One-WP-Migration-Pro-master\\lib\\vendor\\servmask\\filter\\class-ai1wm-recursive-newline-filter.php","line":28}

Apr 03 2025 11:49:47
{"type":8192,"message":"Return type of Ai1wm_Recursive_Newline_Filter::accept() should either be compatible with FilterIterator::accept(): bool, or the #[\\ReturnTypeWillChange] attribute should be used to temporarily suppress the notice","file":"C:\\wamp64\\www\\houzez\\wp-content\\plugins\\All-In-One-WP-Migration-Pro-master\\lib\\vendor\\servmask\\filter\\class-ai1wm-recursive-newline-filter.php","line":28}

Apr 03 2025 11:49:47
{"type":8192,"message":"Return type of Ai1wm_Recursive_Newline_Filter::accept() should either be compatible with FilterIterator::accept(): bool, or the #[\\ReturnTypeWillChange] attribute should be used to temporarily suppress the notice","file":"C:\\wamp64\\www\\houzez\\wp-content\\plugins\\All-In-One-WP-Migration-Pro-master\\lib\\vendor\\servmask\\filter\\class-ai1wm-recursive-newline-filter.php","line":28}

Apr 03 2025 11:49:48
{"type":8192,"message":"Return type of Ai1wm_Recursive_Newline_Filter::accept() should either be compatible with FilterIterator::accept(): bool, or the #[\\ReturnTypeWillChange] attribute should be used to temporarily suppress the notice","file":"C:\\wamp64\\www\\houzez\\wp-content\\plugins\\All-In-One-WP-Migration-Pro-master\\lib\\vendor\\servmask\\filter\\class-ai1wm-recursive-newline-filter.php","line":28}

Apr 03 2025 11:49:48
{"type":8192,"message":"Return type of Ai1wm_Recursive_Newline_Filter::accept() should either be compatible with FilterIterator::accept(): bool, or the #[\\ReturnTypeWillChange] attribute should be used to temporarily suppress the notice","file":"C:\\wamp64\\www\\houzez\\wp-content\\plugins\\All-In-One-WP-Migration-Pro-master\\lib\\vendor\\servmask\\filter\\class-ai1wm-recursive-newline-filter.php","line":28}

Apr 03 2025 11:49:52
{"type":8192,"message":"Return type of Ai1wm_Recursive_Newline_Filter::accept() should either be compatible with FilterIterator::accept(): bool, or the #[\\ReturnTypeWillChange] attribute should be used to temporarily suppress the notice","file":"C:\\wamp64\\www\\houzez\\wp-content\\plugins\\All-In-One-WP-Migration-Pro-master\\lib\\vendor\\servmask\\filter\\class-ai1wm-recursive-newline-filter.php","line":28}

Apr 03 2025 11:50:03
{"type":8192,"message":"Return type of Ai1wm_Recursive_Newline_Filter::accept() should either be compatible with FilterIterator::accept(): bool, or the #[\\ReturnTypeWillChange] attribute should be used to temporarily suppress the notice","file":"C:\\wamp64\\www\\houzez\\wp-content\\plugins\\All-In-One-WP-Migration-Pro-master\\lib\\vendor\\servmask\\filter\\class-ai1wm-recursive-newline-filter.php","line":28}

Apr 03 2025 11:50:14
{"type":8192,"message":"Return type of Ai1wm_Recursive_Newline_Filter::accept() should either be compatible with FilterIterator::accept(): bool, or the #[\\ReturnTypeWillChange] attribute should be used to temporarily suppress the notice","file":"C:\\wamp64\\www\\houzez\\wp-content\\plugins\\All-In-One-WP-Migration-Pro-master\\lib\\vendor\\servmask\\filter\\class-ai1wm-recursive-newline-filter.php","line":28}

Apr 03 2025 11:50:24
{"type":8192,"message":"Return type of Ai1wm_Recursive_Newline_Filter::accept() should either be compatible with FilterIterator::accept(): bool, or the #[\\ReturnTypeWillChange] attribute should be used to temporarily suppress the notice","file":"C:\\wamp64\\www\\houzez\\wp-content\\plugins\\All-In-One-WP-Migration-Pro-master\\lib\\vendor\\servmask\\filter\\class-ai1wm-recursive-newline-filter.php","line":28}

Apr 03 2025 11:50:35
{"type":8192,"message":"Return type of Ai1wm_Recursive_Newline_Filter::accept() should either be compatible with FilterIterator::accept(): bool, or the #[\\ReturnTypeWillChange] attribute should be used to temporarily suppress the notice","file":"C:\\wamp64\\www\\houzez\\wp-content\\plugins\\All-In-One-WP-Migration-Pro-master\\lib\\vendor\\servmask\\filter\\class-ai1wm-recursive-newline-filter.php","line":28}

Apr 03 2025 11:50:45
{"type":8192,"message":"Return type of Ai1wm_Recursive_Newline_Filter::accept() should either be compatible with FilterIterator::accept(): bool, or the #[\\ReturnTypeWillChange] attribute should be used to temporarily suppress the notice","file":"C:\\wamp64\\www\\houzez\\wp-content\\plugins\\All-In-One-WP-Migration-Pro-master\\lib\\vendor\\servmask\\filter\\class-ai1wm-recursive-newline-filter.php","line":28}

Apr 03 2025 11:50:56
{"type":8192,"message":"Return type of Ai1wm_Recursive_Newline_Filter::accept() should either be compatible with FilterIterator::accept(): bool, or the #[\\ReturnTypeWillChange] attribute should be used to temporarily suppress the notice","file":"C:\\wamp64\\www\\houzez\\wp-content\\plugins\\All-In-One-WP-Migration-Pro-master\\lib\\vendor\\servmask\\filter\\class-ai1wm-recursive-newline-filter.php","line":28}

Apr 03 2025 11:51:06
{"type":8192,"message":"Return type of Ai1wm_Recursive_Newline_Filter::accept() should either be compatible with FilterIterator::accept(): bool, or the #[\\ReturnTypeWillChange] attribute should be used to temporarily suppress the notice","file":"C:\\wamp64\\www\\houzez\\wp-content\\plugins\\All-In-One-WP-Migration-Pro-master\\lib\\vendor\\servmask\\filter\\class-ai1wm-recursive-newline-filter.php","line":28}

Apr 03 2025 11:51:17
{"type":8192,"message":"Return type of Ai1wm_Recursive_Newline_Filter::accept() should either be compatible with FilterIterator::accept(): bool, or the #[\\ReturnTypeWillChange] attribute should be used to temporarily suppress the notice","file":"C:\\wamp64\\www\\houzez\\wp-content\\plugins\\All-In-One-WP-Migration-Pro-master\\lib\\vendor\\servmask\\filter\\class-ai1wm-recursive-newline-filter.php","line":28}

Apr 03 2025 11:51:27
{"type":8192,"message":"Return type of Ai1wm_Recursive_Newline_Filter::accept() should either be compatible with FilterIterator::accept(): bool, or the #[\\ReturnTypeWillChange] attribute should be used to temporarily suppress the notice","file":"C:\\wamp64\\www\\houzez\\wp-content\\plugins\\All-In-One-WP-Migration-Pro-master\\lib\\vendor\\servmask\\filter\\class-ai1wm-recursive-newline-filter.php","line":28}

Apr 03 2025 11:51:38
{"type":8192,"message":"Return type of Ai1wm_Recursive_Newline_Filter::accept() should either be compatible with FilterIterator::accept(): bool, or the #[\\ReturnTypeWillChange] attribute should be used to temporarily suppress the notice","file":"C:\\wamp64\\www\\houzez\\wp-content\\plugins\\All-In-One-WP-Migration-Pro-master\\lib\\vendor\\servmask\\filter\\class-ai1wm-recursive-newline-filter.php","line":28}

Apr 03 2025 11:51:49
{"type":8192,"message":"Return type of Ai1wm_Recursive_Newline_Filter::accept() should either be compatible with FilterIterator::accept(): bool, or the #[\\ReturnTypeWillChange] attribute should be used to temporarily suppress the notice","file":"C:\\wamp64\\www\\houzez\\wp-content\\plugins\\All-In-One-WP-Migration-Pro-master\\lib\\vendor\\servmask\\filter\\class-ai1wm-recursive-newline-filter.php","line":28}

Apr 03 2025 11:51:59
{"type":8192,"message":"Return type of Ai1wm_Recursive_Newline_Filter::accept() should either be compatible with FilterIterator::accept(): bool, or the #[\\ReturnTypeWillChange] attribute should be used to temporarily suppress the notice","file":"C:\\wamp64\\www\\houzez\\wp-content\\plugins\\All-In-One-WP-Migration-Pro-master\\lib\\vendor\\servmask\\filter\\class-ai1wm-recursive-newline-filter.php","line":28}

Apr 03 2025 11:52:10
{"type":8192,"message":"Return type of Ai1wm_Recursive_Newline_Filter::accept() should either be compatible with FilterIterator::accept(): bool, or the #[\\ReturnTypeWillChange] attribute should be used to temporarily suppress the notice","file":"C:\\wamp64\\www\\houzez\\wp-content\\plugins\\All-In-One-WP-Migration-Pro-master\\lib\\vendor\\servmask\\filter\\class-ai1wm-recursive-newline-filter.php","line":28}

Apr 03 2025 11:52:20
{"type":8192,"message":"Return type of Ai1wm_Recursive_Newline_Filter::accept() should either be compatible with FilterIterator::accept(): bool, or the #[\\ReturnTypeWillChange] attribute should be used to temporarily suppress the notice","file":"C:\\wamp64\\www\\houzez\\wp-content\\plugins\\All-In-One-WP-Migration-Pro-master\\lib\\vendor\\servmask\\filter\\class-ai1wm-recursive-newline-filter.php","line":28}

Apr 03 2025 11:52:31
{"type":8192,"message":"Return type of Ai1wm_Recursive_Newline_Filter::accept() should either be compatible with FilterIterator::accept(): bool, or the #[\\ReturnTypeWillChange] attribute should be used to temporarily suppress the notice","file":"C:\\wamp64\\www\\houzez\\wp-content\\plugins\\All-In-One-WP-Migration-Pro-master\\lib\\vendor\\servmask\\filter\\class-ai1wm-recursive-newline-filter.php","line":28}

Apr 03 2025 11:52:42
{"type":8192,"message":"Return type of Ai1wm_Recursive_Newline_Filter::accept() should either be compatible with FilterIterator::accept(): bool, or the #[\\ReturnTypeWillChange] attribute should be used to temporarily suppress the notice","file":"C:\\wamp64\\www\\houzez\\wp-content\\plugins\\All-In-One-WP-Migration-Pro-master\\lib\\vendor\\servmask\\filter\\class-ai1wm-recursive-newline-filter.php","line":28}

Apr 03 2025 11:52:52
{"type":8192,"message":"Return type of Ai1wm_Recursive_Newline_Filter::accept() should either be compatible with FilterIterator::accept(): bool, or the #[\\ReturnTypeWillChange] attribute should be used to temporarily suppress the notice","file":"C:\\wamp64\\www\\houzez\\wp-content\\plugins\\All-In-One-WP-Migration-Pro-master\\lib\\vendor\\servmask\\filter\\class-ai1wm-recursive-newline-filter.php","line":28}

Apr 03 2025 11:53:03
{"type":8192,"message":"Return type of Ai1wm_Recursive_Newline_Filter::accept() should either be compatible with FilterIterator::accept(): bool, or the #[\\ReturnTypeWillChange] attribute should be used to temporarily suppress the notice","file":"C:\\wamp64\\www\\houzez\\wp-content\\plugins\\All-In-One-WP-Migration-Pro-master\\lib\\vendor\\servmask\\filter\\class-ai1wm-recursive-newline-filter.php","line":28}

Apr 03 2025 11:53:13
{"type":8192,"message":"Return type of Ai1wm_Recursive_Newline_Filter::accept() should either be compatible with FilterIterator::accept(): bool, or the #[\\ReturnTypeWillChange] attribute should be used to temporarily suppress the notice","file":"C:\\wamp64\\www\\houzez\\wp-content\\plugins\\All-In-One-WP-Migration-Pro-master\\lib\\vendor\\servmask\\filter\\class-ai1wm-recursive-newline-filter.php","line":28}

Apr 03 2025 11:53:24
{"type":8192,"message":"Return type of Ai1wm_Recursive_Newline_Filter::accept() should either be compatible with FilterIterator::accept(): bool, or the #[\\ReturnTypeWillChange] attribute should be used to temporarily suppress the notice","file":"C:\\wamp64\\www\\houzez\\wp-content\\plugins\\All-In-One-WP-Migration-Pro-master\\lib\\vendor\\servmask\\filter\\class-ai1wm-recursive-newline-filter.php","line":28}

Apr 03 2025 11:53:34
{"type":8192,"message":"Return type of Ai1wm_Recursive_Newline_Filter::accept() should either be compatible with FilterIterator::accept(): bool, or the #[\\ReturnTypeWillChange] attribute should be used to temporarily suppress the notice","file":"C:\\wamp64\\www\\houzez\\wp-content\\plugins\\All-In-One-WP-Migration-Pro-master\\lib\\vendor\\servmask\\filter\\class-ai1wm-recursive-newline-filter.php","line":28}

Apr 03 2025 11:53:36
{"type":8192,"message":"Return type of Ai1wm_Recursive_Newline_Filter::accept() should either be compatible with FilterIterator::accept(): bool, or the #[\\ReturnTypeWillChange] attribute should be used to temporarily suppress the notice","file":"C:\\wamp64\\www\\houzez\\wp-content\\plugins\\All-In-One-WP-Migration-Pro-master\\lib\\vendor\\servmask\\filter\\class-ai1wm-recursive-newline-filter.php","line":28}

Apr 03 2025 11:53:39
{"type":8192,"message":"Return type of Ai1wm_Recursive_Newline_Filter::accept() should either be compatible with FilterIterator::accept(): bool, or the #[\\ReturnTypeWillChange] attribute should be used to temporarily suppress the notice","file":"C:\\wamp64\\www\\houzez\\wp-content\\plugins\\All-In-One-WP-Migration-Pro-master\\lib\\vendor\\servmask\\filter\\class-ai1wm-recursive-newline-filter.php","line":28}

Apr 03 2025 11:53:39
{"type":8192,"message":"Return type of Ai1wm_Recursive_Newline_Filter::accept() should either be compatible with FilterIterator::accept(): bool, or the #[\\ReturnTypeWillChange] attribute should be used to temporarily suppress the notice","file":"C:\\wamp64\\www\\houzez\\wp-content\\plugins\\All-In-One-WP-Migration-Pro-master\\lib\\vendor\\servmask\\filter\\class-ai1wm-recursive-newline-filter.php","line":28}

Apr 03 2025 11:53:40
{"type":8192,"message":"Return type of Ai1wm_Recursive_Newline_Filter::accept() should either be compatible with FilterIterator::accept(): bool, or the #[\\ReturnTypeWillChange] attribute should be used to temporarily suppress the notice","file":"C:\\wamp64\\www\\houzez\\wp-content\\plugins\\All-In-One-WP-Migration-Pro-master\\lib\\vendor\\servmask\\filter\\class-ai1wm-recursive-newline-filter.php","line":28}

Apr 03 2025 11:53:40
{"type":8192,"message":"Return type of Ai1wm_Recursive_Newline_Filter::accept() should either be compatible with FilterIterator::accept(): bool, or the #[\\ReturnTypeWillChange] attribute should be used to temporarily suppress the notice","file":"C:\\wamp64\\www\\houzez\\wp-content\\plugins\\All-In-One-WP-Migration-Pro-master\\lib\\vendor\\servmask\\filter\\class-ai1wm-recursive-newline-filter.php","line":28}

Apr 04 2025 07:40:25
{"type":8192,"message":"Return type of Ai1wm_Recursive_Newline_Filter::accept() should either be compatible with FilterIterator::accept(): bool, or the #[\\ReturnTypeWillChange] attribute should be used to temporarily suppress the notice","file":"C:\\wamp64\\www\\houzez\\wp-content\\plugins\\All-In-One-WP-Migration-Pro-master\\lib\\vendor\\servmask\\filter\\class-ai1wm-recursive-newline-filter.php","line":28}

Apr 04 2025 07:40:26
{"type":8192,"message":"Return type of Ai1wm_Recursive_Newline_Filter::accept() should either be compatible with FilterIterator::accept(): bool, or the #[\\ReturnTypeWillChange] attribute should be used to temporarily suppress the notice","file":"C:\\wamp64\\www\\houzez\\wp-content\\plugins\\All-In-One-WP-Migration-Pro-master\\lib\\vendor\\servmask\\filter\\class-ai1wm-recursive-newline-filter.php","line":28}

Apr 04 2025 07:40:27
{"type":8192,"message":"Return type of Ai1wm_Recursive_Newline_Filter::accept() should either be compatible with FilterIterator::accept(): bool, or the #[\\ReturnTypeWillChange] attribute should be used to temporarily suppress the notice","file":"C:\\wamp64\\www\\houzez\\wp-content\\plugins\\All-In-One-WP-Migration-Pro-master\\lib\\vendor\\servmask\\filter\\class-ai1wm-recursive-newline-filter.php","line":28}

Apr 04 2025 07:40:43
{"type":8192,"message":"Return type of Ai1wm_Recursive_Newline_Filter::accept() should either be compatible with FilterIterator::accept(): bool, or the #[\\ReturnTypeWillChange] attribute should be used to temporarily suppress the notice","file":"C:\\wamp64\\www\\houzez\\wp-content\\plugins\\All-In-One-WP-Migration-Pro-master\\lib\\vendor\\servmask\\filter\\class-ai1wm-recursive-newline-filter.php","line":28}

Apr 04 2025 07:40:43
{"type":8192,"message":"Return type of Ai1wm_Recursive_Newline_Filter::accept() should either be compatible with FilterIterator::accept(): bool, or the #[\\ReturnTypeWillChange] attribute should be used to temporarily suppress the notice","file":"C:\\wamp64\\www\\houzez\\wp-content\\plugins\\All-In-One-WP-Migration-Pro-master\\lib\\vendor\\servmask\\filter\\class-ai1wm-recursive-newline-filter.php","line":28}

Apr 04 2025 07:40:54
{"type":8192,"message":"Return type of Ai1wm_Recursive_Newline_Filter::accept() should either be compatible with FilterIterator::accept(): bool, or the #[\\ReturnTypeWillChange] attribute should be used to temporarily suppress the notice","file":"C:\\wamp64\\www\\houzez\\wp-content\\plugins\\All-In-One-WP-Migration-Pro-master\\lib\\vendor\\servmask\\filter\\class-ai1wm-recursive-newline-filter.php","line":28}

Apr 04 2025 07:41:05
{"type":8192,"message":"Return type of Ai1wm_Recursive_Newline_Filter::accept() should either be compatible with FilterIterator::accept(): bool, or the #[\\ReturnTypeWillChange] attribute should be used to temporarily suppress the notice","file":"C:\\wamp64\\www\\houzez\\wp-content\\plugins\\All-In-One-WP-Migration-Pro-master\\lib\\vendor\\servmask\\filter\\class-ai1wm-recursive-newline-filter.php","line":28}

Apr 04 2025 07:41:16
{"type":8192,"message":"Return type of Ai1wm_Recursive_Newline_Filter::accept() should either be compatible with FilterIterator::accept(): bool, or the #[\\ReturnTypeWillChange] attribute should be used to temporarily suppress the notice","file":"C:\\wamp64\\www\\houzez\\wp-content\\plugins\\All-In-One-WP-Migration-Pro-master\\lib\\vendor\\servmask\\filter\\class-ai1wm-recursive-newline-filter.php","line":28}

Apr 04 2025 07:41:30
{"type":8192,"message":"Return type of Ai1wm_Recursive_Newline_Filter::accept() should either be compatible with FilterIterator::accept(): bool, or the #[\\ReturnTypeWillChange] attribute should be used to temporarily suppress the notice","file":"C:\\wamp64\\www\\houzez\\wp-content\\plugins\\All-In-One-WP-Migration-Pro-master\\lib\\vendor\\servmask\\filter\\class-ai1wm-recursive-newline-filter.php","line":28}

Apr 04 2025 07:41:44
{"type":8192,"message":"Return type of Ai1wm_Recursive_Newline_Filter::accept() should either be compatible with FilterIterator::accept(): bool, or the #[\\ReturnTypeWillChange] attribute should be used to temporarily suppress the notice","file":"C:\\wamp64\\www\\houzez\\wp-content\\plugins\\All-In-One-WP-Migration-Pro-master\\lib\\vendor\\servmask\\filter\\class-ai1wm-recursive-newline-filter.php","line":28}

Apr 04 2025 07:42:12
{"Number":2,"Message":"fopen(C:\\\\wamp64\\\\www\\\\houzez\\\\wp-content\\\\themes\\\\desktop.ini): Failed to open stream: Permission denied","File":"C:\\wamp64\\www\\houzez\\wp-content\\plugins\\All-In-One-WP-Migration-Pro-master\\lib\\vendor\\servmask\\archiver\\class-ai1wm-extractor.php","Line":422}

Apr 04 2025 07:42:17
{"type":8192,"message":"Return type of Ai1wm_Recursive_Newline_Filter::accept() should either be compatible with FilterIterator::accept(): bool, or the #[\\ReturnTypeWillChange] attribute should be used to temporarily suppress the notice","file":"C:\\wamp64\\www\\houzez\\wp-content\\plugins\\All-In-One-WP-Migration-Pro-master\\lib\\vendor\\servmask\\filter\\class-ai1wm-recursive-newline-filter.php","line":28}

Apr 04 2025 07:42:19
{"type":8192,"message":"Return type of Ai1wm_Recursive_Newline_Filter::accept() should either be compatible with FilterIterator::accept(): bool, or the #[\\ReturnTypeWillChange] attribute should be used to temporarily suppress the notice","file":"C:\\wamp64\\www\\houzez\\wp-content\\plugins\\All-In-One-WP-Migration-Pro-master\\lib\\vendor\\servmask\\filter\\class-ai1wm-recursive-newline-filter.php","line":28}

Apr 04 2025 07:42:21
{"Number":8192,"Message":"rtrim(): Passing null to parameter #1 ($string) of type string is deprecated","File":"C:\\wamp64\\www\\houzez\\wp-includes\\formatting.php","Line":2819}

Apr 04 2025 07:42:21
{"Number":8192,"Message":"rtrim(): Passing null to parameter #1 ($string) of type string is deprecated","File":"C:\\wamp64\\www\\houzez\\wp-includes\\formatting.php","Line":2819}

Apr 04 2025 07:42:21
{"Number":8192,"Message":"rtrim(): Passing null to parameter #1 ($string) of type string is deprecated","File":"C:\\wamp64\\www\\houzez\\wp-includes\\formatting.php","Line":2819}

Apr 04 2025 07:42:21
{"Number":8192,"Message":"rtrim(): Passing null to parameter #1 ($string) of type string is deprecated","File":"C:\\wamp64\\www\\houzez\\wp-includes\\formatting.php","Line":2819}

Apr 04 2025 07:42:21
{"Number":8192,"Message":"rtrim(): Passing null to parameter #1 ($string) of type string is deprecated","File":"C:\\wamp64\\www\\houzez\\wp-includes\\formatting.php","Line":2819}

Apr 04 2025 07:42:21
{"Number":8192,"Message":"rtrim(): Passing null to parameter #1 ($string) of type string is deprecated","File":"C:\\wamp64\\www\\houzez\\wp-includes\\formatting.php","Line":2819}

Apr 04 2025 07:42:21
{"Number":8192,"Message":"rtrim(): Passing null to parameter #1 ($string) of type string is deprecated","File":"C:\\wamp64\\www\\houzez\\wp-includes\\formatting.php","Line":2819}

Apr 04 2025 07:42:21
{"Number":8192,"Message":"rtrim(): Passing null to parameter #1 ($string) of type string is deprecated","File":"C:\\wamp64\\www\\houzez\\wp-includes\\formatting.php","Line":2819}

Apr 04 2025 07:42:21
{"Number":8192,"Message":"rtrim(): Passing null to parameter #1 ($string) of type string is deprecated","File":"C:\\wamp64\\www\\houzez\\wp-includes\\formatting.php","Line":2819}

Apr 04 2025 07:42:21
{"Number":8192,"Message":"rtrim(): Passing null to parameter #1 ($string) of type string is deprecated","File":"C:\\wamp64\\www\\houzez\\wp-includes\\formatting.php","Line":2819}

Apr 04 2025 07:42:21
{"Number":8192,"Message":"rtrim(): Passing null to parameter #1 ($string) of type string is deprecated","File":"C:\\wamp64\\www\\houzez\\wp-includes\\formatting.php","Line":2819}

Apr 04 2025 07:42:21
{"Number":8192,"Message":"rtrim(): Passing null to parameter #1 ($string) of type string is deprecated","File":"C:\\wamp64\\www\\houzez\\wp-includes\\formatting.php","Line":2819}

Apr 04 2025 07:42:21
{"Number":8192,"Message":"rtrim(): Passing null to parameter #1 ($string) of type string is deprecated","File":"C:\\wamp64\\www\\houzez\\wp-includes\\formatting.php","Line":2819}

Apr 04 2025 07:42:21
{"Number":8192,"Message":"rtrim(): Passing null to parameter #1 ($string) of type string is deprecated","File":"C:\\wamp64\\www\\houzez\\wp-includes\\formatting.php","Line":2819}

Apr 04 2025 07:42:21
{"Number":8192,"Message":"rtrim(): Passing null to parameter #1 ($string) of type string is deprecated","File":"C:\\wamp64\\www\\houzez\\wp-includes\\formatting.php","Line":2819}

Apr 04 2025 07:42:21
{"Number":8192,"Message":"rtrim(): Passing null to parameter #1 ($string) of type string is deprecated","File":"C:\\wamp64\\www\\houzez\\wp-includes\\formatting.php","Line":2819}

Apr 04 2025 07:42:21
{"Number":8192,"Message":"rtrim(): Passing null to parameter #1 ($string) of type string is deprecated","File":"C:\\wamp64\\www\\houzez\\wp-includes\\formatting.php","Line":2819}

Apr 04 2025 07:42:21
{"Number":8192,"Message":"rtrim(): Passing null to parameter #1 ($string) of type string is deprecated","File":"C:\\wamp64\\www\\houzez\\wp-includes\\formatting.php","Line":2819}

Apr 04 2025 07:42:21
{"Number":8192,"Message":"Creation of dynamic property Ai1wm_Database_Mysqli::$old_replace_raw_values is deprecated","File":"C:\\wamp64\\www\\houzez\\wp-content\\plugins\\All-In-One-WP-Migration-Pro-master\\lib\\vendor\\servmask\\database\\class-ai1wm-database.php","Line":300}

Apr 04 2025 07:42:21
{"Number":8192,"Message":"Creation of dynamic property Ai1wm_Database_Mysqli::$new_replace_raw_values is deprecated","File":"C:\\wamp64\\www\\houzez\\wp-content\\plugins\\All-In-One-WP-Migration-Pro-master\\lib\\vendor\\servmask\\database\\class-ai1wm-database.php","Line":321}

Apr 04 2025 07:42:31
{"type":8192,"message":"Return type of Ai1wm_Recursive_Newline_Filter::accept() should either be compatible with FilterIterator::accept(): bool, or the #[\\ReturnTypeWillChange] attribute should be used to temporarily suppress the notice","file":"C:\\wamp64\\www\\houzez\\wp-content\\plugins\\All-In-One-WP-Migration-Pro-master\\lib\\vendor\\servmask\\filter\\class-ai1wm-recursive-newline-filter.php","line":28}

Apr 04 2025 07:42:31
{"Number":8192,"Message":"rtrim(): Passing null to parameter #1 ($string) of type string is deprecated","File":"C:\\wamp64\\www\\houzez\\wp-includes\\formatting.php","Line":2819}

Apr 04 2025 07:42:31
{"Number":8192,"Message":"rtrim(): Passing null to parameter #1 ($string) of type string is deprecated","File":"C:\\wamp64\\www\\houzez\\wp-includes\\formatting.php","Line":2819}

Apr 04 2025 07:42:31
{"Number":8192,"Message":"rtrim(): Passing null to parameter #1 ($string) of type string is deprecated","File":"C:\\wamp64\\www\\houzez\\wp-includes\\formatting.php","Line":2819}

Apr 04 2025 07:42:31
{"Number":8192,"Message":"rtrim(): Passing null to parameter #1 ($string) of type string is deprecated","File":"C:\\wamp64\\www\\houzez\\wp-includes\\formatting.php","Line":2819}

Apr 04 2025 07:42:31
{"Number":8192,"Message":"rtrim(): Passing null to parameter #1 ($string) of type string is deprecated","File":"C:\\wamp64\\www\\houzez\\wp-includes\\formatting.php","Line":2819}

Apr 04 2025 07:42:31
{"Number":8192,"Message":"rtrim(): Passing null to parameter #1 ($string) of type string is deprecated","File":"C:\\wamp64\\www\\houzez\\wp-includes\\formatting.php","Line":2819}

Apr 04 2025 07:42:31
{"Number":8192,"Message":"rtrim(): Passing null to parameter #1 ($string) of type string is deprecated","File":"C:\\wamp64\\www\\houzez\\wp-includes\\formatting.php","Line":2819}

Apr 04 2025 07:42:31
{"Number":8192,"Message":"rtrim(): Passing null to parameter #1 ($string) of type string is deprecated","File":"C:\\wamp64\\www\\houzez\\wp-includes\\formatting.php","Line":2819}

Apr 04 2025 07:42:31
{"Number":8192,"Message":"rtrim(): Passing null to parameter #1 ($string) of type string is deprecated","File":"C:\\wamp64\\www\\houzez\\wp-includes\\formatting.php","Line":2819}

Apr 04 2025 07:42:31
{"Number":8192,"Message":"rtrim(): Passing null to parameter #1 ($string) of type string is deprecated","File":"C:\\wamp64\\www\\houzez\\wp-includes\\formatting.php","Line":2819}

Apr 04 2025 07:42:31
{"Number":8192,"Message":"rtrim(): Passing null to parameter #1 ($string) of type string is deprecated","File":"C:\\wamp64\\www\\houzez\\wp-includes\\formatting.php","Line":2819}

Apr 04 2025 07:42:31
{"Number":8192,"Message":"rtrim(): Passing null to parameter #1 ($string) of type string is deprecated","File":"C:\\wamp64\\www\\houzez\\wp-includes\\formatting.php","Line":2819}

Apr 04 2025 07:42:31
{"Number":8192,"Message":"rtrim(): Passing null to parameter #1 ($string) of type string is deprecated","File":"C:\\wamp64\\www\\houzez\\wp-includes\\formatting.php","Line":2819}

Apr 04 2025 07:42:31
{"Number":8192,"Message":"rtrim(): Passing null to parameter #1 ($string) of type string is deprecated","File":"C:\\wamp64\\www\\houzez\\wp-includes\\formatting.php","Line":2819}

Apr 04 2025 07:42:31
{"Number":8192,"Message":"rtrim(): Passing null to parameter #1 ($string) of type string is deprecated","File":"C:\\wamp64\\www\\houzez\\wp-includes\\formatting.php","Line":2819}

Apr 04 2025 07:42:31
{"Number":8192,"Message":"rtrim(): Passing null to parameter #1 ($string) of type string is deprecated","File":"C:\\wamp64\\www\\houzez\\wp-includes\\formatting.php","Line":2819}

Apr 04 2025 07:42:31
{"Number":8192,"Message":"rtrim(): Passing null to parameter #1 ($string) of type string is deprecated","File":"C:\\wamp64\\www\\houzez\\wp-includes\\formatting.php","Line":2819}

Apr 04 2025 07:42:31
{"Number":8192,"Message":"rtrim(): Passing null to parameter #1 ($string) of type string is deprecated","File":"C:\\wamp64\\www\\houzez\\wp-includes\\formatting.php","Line":2819}

Apr 04 2025 07:42:31
{"Number":8192,"Message":"Creation of dynamic property Ai1wm_Database_Mysqli::$old_replace_raw_values is deprecated","File":"C:\\wamp64\\www\\houzez\\wp-content\\plugins\\All-In-One-WP-Migration-Pro-master\\lib\\vendor\\servmask\\database\\class-ai1wm-database.php","Line":300}

Apr 04 2025 07:42:31
{"Number":8192,"Message":"Creation of dynamic property Ai1wm_Database_Mysqli::$new_replace_raw_values is deprecated","File":"C:\\wamp64\\www\\houzez\\wp-content\\plugins\\All-In-One-WP-Migration-Pro-master\\lib\\vendor\\servmask\\database\\class-ai1wm-database.php","Line":321}

Apr 04 2025 07:42:33
{"type":8192,"message":"Return type of Ai1wm_Recursive_Newline_Filter::accept() should either be compatible with FilterIterator::accept(): bool, or the #[\\ReturnTypeWillChange] attribute should be used to temporarily suppress the notice","file":"C:\\wamp64\\www\\houzez\\wp-content\\plugins\\All-In-One-WP-Migration-Pro-master\\lib\\vendor\\servmask\\filter\\class-ai1wm-recursive-newline-filter.php","line":28}

Apr 04 2025 07:42:33
{"type":8192,"message":"Return type of Ai1wm_Recursive_Newline_Filter::accept() should either be compatible with FilterIterator::accept(): bool, or the #[\\ReturnTypeWillChange] attribute should be used to temporarily suppress the notice","file":"C:\\wamp64\\www\\houzez\\wp-content\\plugins\\All-In-One-WP-Migration-Pro-master\\lib\\vendor\\servmask\\filter\\class-ai1wm-recursive-newline-filter.php","line":28}

Apr 04 2025 07:42:35
{"type":8192,"message":"Return type of Ai1wm_Recursive_Newline_Filter::accept() should either be compatible with FilterIterator::accept(): bool, or the #[\\ReturnTypeWillChange] attribute should be used to temporarily suppress the notice","file":"C:\\wamp64\\www\\houzez\\wp-content\\plugins\\All-In-One-WP-Migration-Pro-master\\lib\\vendor\\servmask\\filter\\class-ai1wm-recursive-newline-filter.php","line":28}

